0    [AWT-EventQueue-0] INFO  ca.sqlpower.architect.ArchitectUtils  - Log4J configured successfully
341  [AWT-EventQueue-0] INFO  ca.sqlpower.sql.PlDotIni  - Beginning to read/merge new pl.ini data
396  [AWT-EventQueue-0] INFO  ca.sqlpower.sql.PlDotIni  - Finished reading file.
397  [AWT-EventQueue-0] INFO  ca.sqlpower.sql.PlDotIni  - Beginning to read/merge new pl.ini data
429  [AWT-EventQueue-0] INFO  ca.sqlpower.sql.PlDotIni  - Finished reading file.
3803 [AWT-EventQueue-0] INFO  ca.sqlpower.sqlobject.SQLColumn  - Column has type userdefinedsqltype
22213 [Thread-5] ERROR ca.sqlpower.architect.swingui.action.CheckForUpdateAction  - Fail to retrieve current version number!
5533739 [AWT-EventQueue-0] INFO  ca.sqlpower.architect.ddl.GenericDDLGenerator  - endStatement: 
CREATE TABLE public.sch_dados_pessoais.TB_CIDADE (
                ID INTEGER NOT NULL,
                DSC_NOME VARCHAR(60) NOT NULL,
                CD_UF VARCHAR NOT NULL,
                CONSTRAINT tb_cidade_pk PRIMARY KEY (ID)
)
5533739 [AWT-EventQueue-0] INFO  ca.sqlpower.architect.ddl.GenericDDLGenerator  - endStatement: 


CREATE SEQUENCE public.sch_dados_pessoais_tb_endereco_id_seq
5533742 [AWT-EventQueue-0] INFO  ca.sqlpower.architect.ddl.GenericDDLGenerator  - endStatement: 

CREATE TABLE public.sch_dados_pessoais.TB_ENDERECO (
                ID BIGINT NOT NULL DEFAULT nextval('public.sch_dados_pessoais_tb_endereco_id_seq'),
                NUM_CEP VARCHAR(9) NOT NULL,
                FK_CIDADE_ID INTEGER NOT NULL,
                DSC_LOGRADOURO VARCHAR(120) NOT NULL,
                DSC_BAIRRO VARCHAR(60) NOT NULL,
                DSC_COMPLEMENTO VARCHAR(120),
                CONSTRAINT tb_endereco_pk PRIMARY KEY (ID)
)
5533742 [AWT-EventQueue-0] INFO  ca.sqlpower.architect.ddl.GenericDDLGenerator  - endStatement: 


ALTER SEQUENCE public.sch_dados_pessoais_tb_endereco_id_seq OWNED BY public.sch_dados_pessoais.TB_ENDERECO.ID
5533743 [AWT-EventQueue-0] INFO  ca.sqlpower.architect.ddl.GenericDDLGenerator  - endStatement: 

CREATE SEQUENCE public.sch_dados_pessoais_tb_dados_pessoal_id_seq
5533743 [AWT-EventQueue-0] INFO  ca.sqlpower.architect.ddl.GenericDDLGenerator  - endStatement: 

CREATE TABLE public.sch_dados_pessoais.TB_DADOS_PESSOAL (
                ID BIGINT NOT NULL DEFAULT nextval('public.sch_dados_pessoais_tb_dados_pessoal_id_seq'),
                DSC_NOME_COMPLETO VARCHAR(60) NOT NULL,
                DSC_NOME_SOCIAL VARCHAR(80),
                DT_NASCIMENTO DATE NOT NULL,
                SGL_SEXO VARCHAR(2) NOT NULL,
                NUM_CPF VARCHAR(14) NOT NULL,
                NUM_RG VARCHAR(15) NOT NULL,
                NUM_CNS VARCHAR(15) NOT NULL,
                DSC_NOME_MAE VARCHAR(60) NOT NULL,
                DSC_NOME_PAI VARCHAR(60),
                NUM_TELEFONE VARCHAR(20) NOT NULL,
                FK_ENDERECO_ID BIGINT NOT NULL,
                CONSTRAINT tb_dados_pessoal_pk PRIMARY KEY (ID)
)
5533743 [AWT-EventQueue-0] INFO  ca.sqlpower.architect.ddl.GenericDDLGenerator  - endStatement: 


ALTER SEQUENCE public.sch_dados_pessoais_tb_dados_pessoal_id_seq OWNED BY public.sch_dados_pessoais.TB_DADOS_PESSOAL.ID
5533743 [AWT-EventQueue-0] INFO  ca.sqlpower.architect.ddl.GenericDDLGenerator  - endStatement: 

CREATE UNIQUE INDEX tb_dados_pessoal_cpf_unq
 ON public.sch_dados_pessoais.TB_DADOS_PESSOAL
 ( NUM_CPF )
5533744 [AWT-EventQueue-0] INFO  ca.sqlpower.architect.ddl.GenericDDLGenerator  - endStatement: 

CREATE UNIQUE INDEX tb_dados_pessoal_rg_unq
 ON public.sch_dados_pessoais.TB_DADOS_PESSOAL
 ( NUM_RG )
5533744 [AWT-EventQueue-0] INFO  ca.sqlpower.architect.ddl.GenericDDLGenerator  - endStatement: 

CREATE UNIQUE INDEX tb_dados_pessoal_cns_unq
 ON public.sch_dados_pessoais.TB_DADOS_PESSOAL
 ( NUM_CNS )
5533744 [AWT-EventQueue-0] INFO  ca.sqlpower.architect.ddl.GenericDDLGenerator  - endStatement: 

CREATE SEQUENCE public.sch_perfis_tb_perfil_id_seq
5533744 [AWT-EventQueue-0] INFO  ca.sqlpower.architect.ddl.GenericDDLGenerator  - endStatement: 

CREATE TABLE public.sch_perfis.TB_PERFIL (
                ID INTEGER NOT NULL DEFAULT nextval('public.sch_perfis_tb_perfil_id_seq'),
                DSC_NOME VARCHAR(60) NOT NULL,
                CONSTRAINT tb_perfil_pk PRIMARY KEY (ID)
)
5533744 [AWT-EventQueue-0] INFO  ca.sqlpower.architect.ddl.GenericDDLGenerator  - endStatement: 


ALTER SEQUENCE public.sch_perfis_tb_perfil_id_seq OWNED BY public.sch_perfis.TB_PERFIL.ID
5533744 [AWT-EventQueue-0] INFO  ca.sqlpower.architect.ddl.GenericDDLGenerator  - endStatement: 

CREATE SEQUENCE public.sch_perfis_tb_usuario_id_seq
5533745 [AWT-EventQueue-0] INFO  ca.sqlpower.architect.ddl.GenericDDLGenerator  - endStatement: 

CREATE TABLE public.sch_perfis.TB_USUARIO (
                ID BIGINT NOT NULL DEFAULT nextval('public.sch_perfis_tb_usuario_id_seq'),
                FK_DADOS_PESSOAL_ID BIGINT NOT NULL,
                FK_PERFIL_ID INTEGER NOT NULL,
                DSC_STATUS VARCHAR(30) NOT NULL,
                CONSTRAINT tb_usuario_pk PRIMARY KEY (ID)
)
5533746 [AWT-EventQueue-0] INFO  ca.sqlpower.architect.ddl.GenericDDLGenerator  - endStatement: 


ALTER SEQUENCE public.sch_perfis_tb_usuario_id_seq OWNED BY public.sch_perfis.TB_USUARIO.ID
5533750 [AWT-EventQueue-0] INFO  ca.sqlpower.architect.ddl.GenericDDLGenerator  - endStatement: 

ALTER TABLE public.sch_dados_pessoais.TB_ENDERECO ADD CONSTRAINT tb_endereco_tb_cidade_fk
FOREIGN KEY (FK_CIDADE_ID)
REFERENCES public.sch_dados_pessoais.TB_CIDADE (ID)
ON DELETE NO ACTION
ON UPDATE NO ACTION
NOT DEFERRABLE
5533753 [AWT-EventQueue-0] INFO  ca.sqlpower.architect.ddl.GenericDDLGenerator  - endStatement: 

ALTER TABLE public.sch_dados_pessoais.TB_DADOS_PESSOAL ADD CONSTRAINT tb_dados_pessoal_tb_endereco_fk
FOREIGN KEY (FK_ENDERECO_ID)
REFERENCES public.sch_dados_pessoais.TB_ENDERECO (ID)
ON DELETE NO ACTION
ON UPDATE NO ACTION
NOT DEFERRABLE
5533754 [AWT-EventQueue-0] INFO  ca.sqlpower.architect.ddl.GenericDDLGenerator  - endStatement: 

ALTER TABLE public.sch_perfis.TB_USUARIO ADD CONSTRAINT tb_usuario_tb_dados_pessoal_fk
FOREIGN KEY (FK_DADOS_PESSOAL_ID)
REFERENCES public.sch_dados_pessoais.TB_DADOS_PESSOAL (ID)
ON DELETE NO ACTION
ON UPDATE NO ACTION
NOT DEFERRABLE
5533755 [AWT-EventQueue-0] INFO  ca.sqlpower.architect.ddl.GenericDDLGenerator  - endStatement: 

ALTER TABLE public.sch_perfis.TB_USUARIO ADD CONSTRAINT tb_usuario_tb_perfil_fk
FOREIGN KEY (FK_PERFIL_ID)
REFERENCES public.sch_perfis.TB_PERFIL (ID)
ON DELETE NO ACTION
ON UPDATE NO ACTION
NOT DEFERRABLE
5533757 [AWT-EventQueue-0] INFO  ca.sqlpower.architect.swingui.SQLScriptDialog  - The list size is :20
65992551 [AWT-EventQueue-0] INFO  ca.sqlpower.architect.ddl.GenericDDLGenerator  - endStatement: 
CREATE TABLE sch_dados_pessoais.TB_CIDADE (
                ID INTEGER NOT NULL,
                DSC_NOME VARCHAR(60) NOT NULL,
                CD_UF VARCHAR NOT NULL,
                CONSTRAINT tb_cidade_pk PRIMARY KEY (ID)
)
65992552 [AWT-EventQueue-0] INFO  ca.sqlpower.architect.ddl.GenericDDLGenerator  - endStatement: 


CREATE SEQUENCE sch_dados_pessoais_tb_endereco_id_seq
65992552 [AWT-EventQueue-0] INFO  ca.sqlpower.architect.ddl.GenericDDLGenerator  - endStatement: 

CREATE TABLE sch_dados_pessoais.TB_ENDERECO (
                ID BIGINT NOT NULL DEFAULT nextval('sch_dados_pessoais_tb_endereco_id_seq'),
                NUM_CEP VARCHAR(9) NOT NULL,
                FK_CIDADE_ID INTEGER NOT NULL,
                DSC_LOGRADOURO VARCHAR(120) NOT NULL,
                DSC_BAIRRO VARCHAR(60) NOT NULL,
                DSC_COMPLEMENTO VARCHAR(120),
                CONSTRAINT tb_endereco_pk PRIMARY KEY (ID)
)
65992553 [AWT-EventQueue-0] INFO  ca.sqlpower.architect.ddl.GenericDDLGenerator  - endStatement: 


ALTER SEQUENCE sch_dados_pessoais_tb_endereco_id_seq OWNED BY sch_dados_pessoais.TB_ENDERECO.ID
65992553 [AWT-EventQueue-0] INFO  ca.sqlpower.architect.ddl.GenericDDLGenerator  - endStatement: 

CREATE SEQUENCE sch_dados_pessoais_tb_dados_pessoal_id_seq
65992553 [AWT-EventQueue-0] INFO  ca.sqlpower.architect.ddl.GenericDDLGenerator  - endStatement: 

CREATE TABLE sch_dados_pessoais.TB_DADOS_PESSOAL (
                ID BIGINT NOT NULL DEFAULT nextval('sch_dados_pessoais_tb_dados_pessoal_id_seq'),
                DSC_NOME_COMPLETO VARCHAR(60) NOT NULL,
                DSC_NOME_SOCIAL VARCHAR(80),
                DT_NASCIMENTO DATE NOT NULL,
                SGL_SEXO VARCHAR(2) NOT NULL,
                NUM_CPF VARCHAR(14) NOT NULL,
                NUM_RG VARCHAR(15) NOT NULL,
                NUM_CNS VARCHAR(15) NOT NULL,
                DSC_NOME_MAE VARCHAR(60) NOT NULL,
                DSC_NOME_PAI VARCHAR(60),
                NUM_TELEFONE VARCHAR(20) NOT NULL,
                FK_ENDERECO_ID BIGINT NOT NULL,
                CONSTRAINT tb_dados_pessoal_pk PRIMARY KEY (ID)
)
65992553 [AWT-EventQueue-0] INFO  ca.sqlpower.architect.ddl.GenericDDLGenerator  - endStatement: 


ALTER SEQUENCE sch_dados_pessoais_tb_dados_pessoal_id_seq OWNED BY sch_dados_pessoais.TB_DADOS_PESSOAL.ID
65992553 [AWT-EventQueue-0] INFO  ca.sqlpower.architect.ddl.GenericDDLGenerator  - endStatement: 

CREATE UNIQUE INDEX tb_dados_pessoal_cpf_unq
 ON sch_dados_pessoais.TB_DADOS_PESSOAL
 ( NUM_CPF )
65992553 [AWT-EventQueue-0] INFO  ca.sqlpower.architect.ddl.GenericDDLGenerator  - endStatement: 

CREATE UNIQUE INDEX tb_dados_pessoal_rg_unq
 ON sch_dados_pessoais.TB_DADOS_PESSOAL
 ( NUM_RG )
65992554 [AWT-EventQueue-0] INFO  ca.sqlpower.architect.ddl.GenericDDLGenerator  - endStatement: 

CREATE UNIQUE INDEX tb_dados_pessoal_cns_unq
 ON sch_dados_pessoais.TB_DADOS_PESSOAL
 ( NUM_CNS )
65992554 [AWT-EventQueue-0] INFO  ca.sqlpower.architect.ddl.GenericDDLGenerator  - endStatement: 

CREATE SEQUENCE sch_perfis_tb_perfil_id_seq
65992554 [AWT-EventQueue-0] INFO  ca.sqlpower.architect.ddl.GenericDDLGenerator  - endStatement: 

CREATE TABLE sch_perfis.TB_PERFIL (
                ID INTEGER NOT NULL DEFAULT nextval('sch_perfis_tb_perfil_id_seq'),
                DSC_NOME VARCHAR(60) NOT NULL,
                CONSTRAINT tb_perfil_pk PRIMARY KEY (ID)
)
65992554 [AWT-EventQueue-0] INFO  ca.sqlpower.architect.ddl.GenericDDLGenerator  - endStatement: 


ALTER SEQUENCE sch_perfis_tb_perfil_id_seq OWNED BY sch_perfis.TB_PERFIL.ID
65992554 [AWT-EventQueue-0] INFO  ca.sqlpower.architect.ddl.GenericDDLGenerator  - endStatement: 

CREATE SEQUENCE sch_perfis_tb_usuario_id_seq
65992554 [AWT-EventQueue-0] INFO  ca.sqlpower.architect.ddl.GenericDDLGenerator  - endStatement: 

CREATE TABLE sch_perfis.TB_USUARIO (
                ID BIGINT NOT NULL DEFAULT nextval('sch_perfis_tb_usuario_id_seq'),
                FK_DADOS_PESSOAL_ID BIGINT NOT NULL,
                FK_PERFIL_ID INTEGER NOT NULL,
                DSC_STATUS VARCHAR(30) NOT NULL,
                CONSTRAINT tb_usuario_pk PRIMARY KEY (ID)
)
65992554 [AWT-EventQueue-0] INFO  ca.sqlpower.architect.ddl.GenericDDLGenerator  - endStatement: 


ALTER SEQUENCE sch_perfis_tb_usuario_id_seq OWNED BY sch_perfis.TB_USUARIO.ID
65992555 [AWT-EventQueue-0] INFO  ca.sqlpower.architect.ddl.GenericDDLGenerator  - endStatement: 

CREATE TABLE TB_USUARIO_PERFIL (
                FK_USUARIO_ID BIGINT NOT NULL,
                FK_PERFIL_ID INTEGER NOT NULL,
                CONSTRAINT tb_usuario_perfil_pk PRIMARY KEY (FK_USUARIO_ID, FK_PERFIL_ID)
)
65992555 [AWT-EventQueue-0] INFO  ca.sqlpower.architect.ddl.GenericDDLGenerator  - endStatement: 


ALTER TABLE sch_dados_pessoais.TB_ENDERECO ADD CONSTRAINT tb_endereco_tb_cidade_fk
FOREIGN KEY (FK_CIDADE_ID)
REFERENCES sch_dados_pessoais.TB_CIDADE (ID)
ON DELETE NO ACTION
ON UPDATE NO ACTION
NOT DEFERRABLE
65992555 [AWT-EventQueue-0] INFO  ca.sqlpower.architect.ddl.GenericDDLGenerator  - endStatement: 

ALTER TABLE sch_dados_pessoais.TB_DADOS_PESSOAL ADD CONSTRAINT tb_dados_pessoal_tb_endereco_fk
FOREIGN KEY (FK_ENDERECO_ID)
REFERENCES sch_dados_pessoais.TB_ENDERECO (ID)
ON DELETE NO ACTION
ON UPDATE NO ACTION
NOT DEFERRABLE
65992555 [AWT-EventQueue-0] INFO  ca.sqlpower.architect.ddl.GenericDDLGenerator  - endStatement: 

ALTER TABLE sch_perfis.TB_USUARIO ADD CONSTRAINT tb_usuario_tb_dados_pessoal_fk
FOREIGN KEY (FK_DADOS_PESSOAL_ID)
REFERENCES sch_dados_pessoais.TB_DADOS_PESSOAL (ID)
ON DELETE NO ACTION
ON UPDATE NO ACTION
NOT DEFERRABLE
65992555 [AWT-EventQueue-0] INFO  ca.sqlpower.architect.ddl.GenericDDLGenerator  - endStatement: 

ALTER TABLE sch_perfis.TB_USUARIO ADD CONSTRAINT tb_usuario_tb_perfil_fk
FOREIGN KEY (FK_PERFIL_ID)
REFERENCES sch_perfis.TB_PERFIL (ID)
ON DELETE NO ACTION
ON UPDATE NO ACTION
NOT DEFERRABLE
65992555 [AWT-EventQueue-0] INFO  ca.sqlpower.architect.ddl.GenericDDLGenerator  - endStatement: 

ALTER TABLE TB_USUARIO_PERFIL ADD CONSTRAINT tb_usuario_perfil_tb_perfil_fk
FOREIGN KEY (FK_PERFIL_ID)
REFERENCES sch_perfis.TB_PERFIL (ID)
ON DELETE NO ACTION
ON UPDATE NO ACTION
NOT DEFERRABLE
65992556 [AWT-EventQueue-0] INFO  ca.sqlpower.architect.ddl.GenericDDLGenerator  - endStatement: 

ALTER TABLE TB_USUARIO_PERFIL ADD CONSTRAINT tb_usuario_perfil_tb_usuario_fk
FOREIGN KEY (FK_USUARIO_ID)
REFERENCES sch_perfis.TB_USUARIO (ID)
ON DELETE NO ACTION
ON UPDATE NO ACTION
NOT DEFERRABLE
65992556 [AWT-EventQueue-0] INFO  ca.sqlpower.architect.swingui.SQLScriptDialog  - The list size is :23
66047711 [AWT-EventQueue-0] INFO  ca.sqlpower.architect.ddl.GenericDDLGenerator  - endStatement: 
CREATE TABLE sch_dados_pessoais.TB_CIDADE (
                ID INTEGER NOT NULL,
                DSC_NOME VARCHAR(60) NOT NULL,
                CD_UF VARCHAR NOT NULL,
                CONSTRAINT tb_cidade_pk PRIMARY KEY (ID)
)
66047711 [AWT-EventQueue-0] INFO  ca.sqlpower.architect.ddl.GenericDDLGenerator  - endStatement: 


CREATE SEQUENCE sch_dados_pessoais_tb_endereco_id_seq
66047712 [AWT-EventQueue-0] INFO  ca.sqlpower.architect.ddl.GenericDDLGenerator  - endStatement: 

CREATE TABLE sch_dados_pessoais.TB_ENDERECO (
                ID BIGINT NOT NULL DEFAULT nextval('sch_dados_pessoais_tb_endereco_id_seq'),
                NUM_CEP VARCHAR(9) NOT NULL,
                FK_CIDADE_ID INTEGER NOT NULL,
                DSC_LOGRADOURO VARCHAR(120) NOT NULL,
                DSC_BAIRRO VARCHAR(60) NOT NULL,
                DSC_COMPLEMENTO VARCHAR(120),
                CONSTRAINT tb_endereco_pk PRIMARY KEY (ID)
)
66047712 [AWT-EventQueue-0] INFO  ca.sqlpower.architect.ddl.GenericDDLGenerator  - endStatement: 


ALTER SEQUENCE sch_dados_pessoais_tb_endereco_id_seq OWNED BY sch_dados_pessoais.TB_ENDERECO.ID
66047712 [AWT-EventQueue-0] INFO  ca.sqlpower.architect.ddl.GenericDDLGenerator  - endStatement: 

CREATE SEQUENCE sch_dados_pessoais_tb_dados_pessoal_id_seq
66047713 [AWT-EventQueue-0] INFO  ca.sqlpower.architect.ddl.GenericDDLGenerator  - endStatement: 

CREATE TABLE sch_dados_pessoais.TB_DADOS_PESSOAL (
                ID BIGINT NOT NULL DEFAULT nextval('sch_dados_pessoais_tb_dados_pessoal_id_seq'),
                DSC_NOME_COMPLETO VARCHAR(60) NOT NULL,
                DSC_NOME_SOCIAL VARCHAR(80),
                DT_NASCIMENTO DATE NOT NULL,
                SGL_SEXO VARCHAR(2) NOT NULL,
                NUM_CPF VARCHAR(14) NOT NULL,
                NUM_RG VARCHAR(15) NOT NULL,
                NUM_CNS VARCHAR(15) NOT NULL,
                DSC_NOME_MAE VARCHAR(60) NOT NULL,
                DSC_NOME_PAI VARCHAR(60),
                NUM_TELEFONE VARCHAR(20) NOT NULL,
                FK_ENDERECO_ID BIGINT NOT NULL,
                CONSTRAINT tb_dados_pessoal_pk PRIMARY KEY (ID)
)
66047713 [AWT-EventQueue-0] INFO  ca.sqlpower.architect.ddl.GenericDDLGenerator  - endStatement: 


ALTER SEQUENCE sch_dados_pessoais_tb_dados_pessoal_id_seq OWNED BY sch_dados_pessoais.TB_DADOS_PESSOAL.ID
66047713 [AWT-EventQueue-0] INFO  ca.sqlpower.architect.ddl.GenericDDLGenerator  - endStatement: 

CREATE UNIQUE INDEX tb_dados_pessoal_cpf_unq
 ON sch_dados_pessoais.TB_DADOS_PESSOAL
 ( NUM_CPF )
66047713 [AWT-EventQueue-0] INFO  ca.sqlpower.architect.ddl.GenericDDLGenerator  - endStatement: 

CREATE UNIQUE INDEX tb_dados_pessoal_rg_unq
 ON sch_dados_pessoais.TB_DADOS_PESSOAL
 ( NUM_RG )
66047714 [AWT-EventQueue-0] INFO  ca.sqlpower.architect.ddl.GenericDDLGenerator  - endStatement: 

CREATE UNIQUE INDEX tb_dados_pessoal_cns_unq
 ON sch_dados_pessoais.TB_DADOS_PESSOAL
 ( NUM_CNS )
66047714 [AWT-EventQueue-0] INFO  ca.sqlpower.architect.ddl.GenericDDLGenerator  - endStatement: 

CREATE SEQUENCE sch_perfis_tb_perfil_id_seq
66047714 [AWT-EventQueue-0] INFO  ca.sqlpower.architect.ddl.GenericDDLGenerator  - endStatement: 

CREATE TABLE sch_perfis.TB_PERFIL (
                ID INTEGER NOT NULL DEFAULT nextval('sch_perfis_tb_perfil_id_seq'),
                DSC_NOME VARCHAR(60) NOT NULL,
                CONSTRAINT tb_perfil_pk PRIMARY KEY (ID)
)
66047715 [AWT-EventQueue-0] INFO  ca.sqlpower.architect.ddl.GenericDDLGenerator  - endStatement: 


ALTER SEQUENCE sch_perfis_tb_perfil_id_seq OWNED BY sch_perfis.TB_PERFIL.ID
66047715 [AWT-EventQueue-0] INFO  ca.sqlpower.architect.ddl.GenericDDLGenerator  - endStatement: 

CREATE SEQUENCE sch_perfis_tb_usuario_id_seq
66047715 [AWT-EventQueue-0] INFO  ca.sqlpower.architect.ddl.GenericDDLGenerator  - endStatement: 

CREATE TABLE sch_perfis.TB_USUARIO (
                ID BIGINT NOT NULL DEFAULT nextval('sch_perfis_tb_usuario_id_seq'),
                FK_DADOS_PESSOAL_ID BIGINT NOT NULL,
                FK_PERFIL_ID INTEGER NOT NULL,
                DSC_STATUS VARCHAR(30) NOT NULL,
                CONSTRAINT tb_usuario_pk PRIMARY KEY (ID)
)
66047715 [AWT-EventQueue-0] INFO  ca.sqlpower.architect.ddl.GenericDDLGenerator  - endStatement: 


ALTER SEQUENCE sch_perfis_tb_usuario_id_seq OWNED BY sch_perfis.TB_USUARIO.ID
66047716 [AWT-EventQueue-0] INFO  ca.sqlpower.architect.ddl.GenericDDLGenerator  - endStatement: 

CREATE TABLE sch_perfis.TB_USUARIO_PERFIL (
                FK_USUARIO_ID BIGINT NOT NULL,
                FK_PERFIL_ID INTEGER NOT NULL,
                CONSTRAINT tb_usuario_perfil_pk PRIMARY KEY (FK_USUARIO_ID, FK_PERFIL_ID)
)
66047716 [AWT-EventQueue-0] INFO  ca.sqlpower.architect.ddl.GenericDDLGenerator  - endStatement: 


ALTER TABLE sch_dados_pessoais.TB_ENDERECO ADD CONSTRAINT tb_endereco_tb_cidade_fk
FOREIGN KEY (FK_CIDADE_ID)
REFERENCES sch_dados_pessoais.TB_CIDADE (ID)
ON DELETE NO ACTION
ON UPDATE NO ACTION
NOT DEFERRABLE
66047716 [AWT-EventQueue-0] INFO  ca.sqlpower.architect.ddl.GenericDDLGenerator  - endStatement: 

ALTER TABLE sch_dados_pessoais.TB_DADOS_PESSOAL ADD CONSTRAINT tb_dados_pessoal_tb_endereco_fk
FOREIGN KEY (FK_ENDERECO_ID)
REFERENCES sch_dados_pessoais.TB_ENDERECO (ID)
ON DELETE NO ACTION
ON UPDATE NO ACTION
NOT DEFERRABLE
66047716 [AWT-EventQueue-0] INFO  ca.sqlpower.architect.ddl.GenericDDLGenerator  - endStatement: 

ALTER TABLE sch_perfis.TB_USUARIO ADD CONSTRAINT tb_usuario_tb_dados_pessoal_fk
FOREIGN KEY (FK_DADOS_PESSOAL_ID)
REFERENCES sch_dados_pessoais.TB_DADOS_PESSOAL (ID)
ON DELETE NO ACTION
ON UPDATE NO ACTION
NOT DEFERRABLE
66047716 [AWT-EventQueue-0] INFO  ca.sqlpower.architect.ddl.GenericDDLGenerator  - endStatement: 

ALTER TABLE sch_perfis.TB_USUARIO ADD CONSTRAINT tb_usuario_tb_perfil_fk
FOREIGN KEY (FK_PERFIL_ID)
REFERENCES sch_perfis.TB_PERFIL (ID)
ON DELETE NO ACTION
ON UPDATE NO ACTION
NOT DEFERRABLE
66047716 [AWT-EventQueue-0] INFO  ca.sqlpower.architect.ddl.GenericDDLGenerator  - endStatement: 

ALTER TABLE sch_perfis.TB_USUARIO_PERFIL ADD CONSTRAINT tb_usuario_perfil_tb_perfil_fk
FOREIGN KEY (FK_PERFIL_ID)
REFERENCES sch_perfis.TB_PERFIL (ID)
ON DELETE NO ACTION
ON UPDATE NO ACTION
NOT DEFERRABLE
66047717 [AWT-EventQueue-0] INFO  ca.sqlpower.architect.ddl.GenericDDLGenerator  - endStatement: 

ALTER TABLE sch_perfis.TB_USUARIO_PERFIL ADD CONSTRAINT tb_usuario_perfil_tb_usuario_fk
FOREIGN KEY (FK_USUARIO_ID)
REFERENCES sch_perfis.TB_USUARIO (ID)
ON DELETE NO ACTION
ON UPDATE NO ACTION
NOT DEFERRABLE
66047717 [AWT-EventQueue-0] INFO  ca.sqlpower.architect.swingui.SQLScriptDialog  - The list size is :23
67421042 [AWT-EventQueue-0] INFO  ca.sqlpower.architect.ddl.GenericDDLGenerator  - endStatement: 
CREATE TABLE sch_dados_pessoais.TB_CIDADE (
                ID INTEGER NOT NULL,
                DSC_NOME VARCHAR(60) NOT NULL,
                CD_UF VARCHAR NOT NULL,
                CONSTRAINT tb_cidade_pk PRIMARY KEY (ID)
)
67421042 [AWT-EventQueue-0] INFO  ca.sqlpower.architect.ddl.GenericDDLGenerator  - endStatement: 


CREATE SEQUENCE sch_dados_pessoais_tb_endereco_id_seq
67421042 [AWT-EventQueue-0] INFO  ca.sqlpower.architect.ddl.GenericDDLGenerator  - endStatement: 

CREATE TABLE sch_dados_pessoais.TB_ENDERECO (
                ID BIGINT NOT NULL DEFAULT nextval('sch_dados_pessoais_tb_endereco_id_seq'),
                NUM_CEP VARCHAR(9) NOT NULL,
                FK_CIDADE_ID INTEGER NOT NULL,
                DSC_LOGRADOURO VARCHAR(120) NOT NULL,
                DSC_BAIRRO VARCHAR(60) NOT NULL,
                DSC_COMPLEMENTO VARCHAR(120),
                CONSTRAINT tb_endereco_pk PRIMARY KEY (ID)
)
67421042 [AWT-EventQueue-0] INFO  ca.sqlpower.architect.ddl.GenericDDLGenerator  - endStatement: 


ALTER SEQUENCE sch_dados_pessoais_tb_endereco_id_seq OWNED BY sch_dados_pessoais.TB_ENDERECO.ID
67421042 [AWT-EventQueue-0] INFO  ca.sqlpower.architect.ddl.GenericDDLGenerator  - endStatement: 

CREATE SEQUENCE sch_dados_pessoais_tb_dados_pessoal_id_seq
67421042 [AWT-EventQueue-0] INFO  ca.sqlpower.architect.ddl.GenericDDLGenerator  - endStatement: 

CREATE TABLE sch_dados_pessoais.TB_DADOS_PESSOAL (
                ID BIGINT NOT NULL DEFAULT nextval('sch_dados_pessoais_tb_dados_pessoal_id_seq'),
                DSC_NOME_COMPLETO VARCHAR(60) NOT NULL,
                DSC_NOME_SOCIAL VARCHAR(80),
                DT_NASCIMENTO DATE NOT NULL,
                SGL_SEXO VARCHAR(2) NOT NULL,
                NUM_CPF VARCHAR(14) NOT NULL,
                NUM_RG VARCHAR(15) NOT NULL,
                NUM_CNS VARCHAR(15) NOT NULL,
                DSC_NOME_MAE VARCHAR(60) NOT NULL,
                DSC_NOME_PAI VARCHAR(60),
                NUM_TELEFONE VARCHAR(20) NOT NULL,
                FK_ENDERECO_ID BIGINT NOT NULL,
                CONSTRAINT tb_dados_pessoal_pk PRIMARY KEY (ID)
)
67421042 [AWT-EventQueue-0] INFO  ca.sqlpower.architect.ddl.GenericDDLGenerator  - endStatement: 


ALTER SEQUENCE sch_dados_pessoais_tb_dados_pessoal_id_seq OWNED BY sch_dados_pessoais.TB_DADOS_PESSOAL.ID
67421043 [AWT-EventQueue-0] INFO  ca.sqlpower.architect.ddl.GenericDDLGenerator  - endStatement: 

CREATE UNIQUE INDEX tb_dados_pessoal_cpf_unq
 ON sch_dados_pessoais.TB_DADOS_PESSOAL
 ( NUM_CPF )
67421043 [AWT-EventQueue-0] INFO  ca.sqlpower.architect.ddl.GenericDDLGenerator  - endStatement: 

CREATE UNIQUE INDEX tb_dados_pessoal_rg_unq
 ON sch_dados_pessoais.TB_DADOS_PESSOAL
 ( NUM_RG )
67421043 [AWT-EventQueue-0] INFO  ca.sqlpower.architect.ddl.GenericDDLGenerator  - endStatement: 

CREATE UNIQUE INDEX tb_dados_pessoal_cns_unq
 ON sch_dados_pessoais.TB_DADOS_PESSOAL
 ( NUM_CNS )
67421043 [AWT-EventQueue-0] INFO  ca.sqlpower.architect.ddl.GenericDDLGenerator  - endStatement: 

CREATE SEQUENCE sch_perfis_tb_usuario_id_seq
67421043 [AWT-EventQueue-0] INFO  ca.sqlpower.architect.ddl.GenericDDLGenerator  - endStatement: 

CREATE TABLE sch_perfis.TB_USUARIO (
                ID BIGINT NOT NULL DEFAULT nextval('sch_perfis_tb_usuario_id_seq'),
                FK_DADOS_PESSOAL_ID BIGINT NOT NULL,
                DSC_STATUS VARCHAR(30) NOT NULL,
                CONSTRAINT tb_usuario_pk PRIMARY KEY (ID)
)
67421043 [AWT-EventQueue-0] INFO  ca.sqlpower.architect.ddl.GenericDDLGenerator  - endStatement: 


ALTER SEQUENCE sch_perfis_tb_usuario_id_seq OWNED BY sch_perfis.TB_USUARIO.ID
67421043 [AWT-EventQueue-0] INFO  ca.sqlpower.architect.ddl.GenericDDLGenerator  - endStatement: 

CREATE SEQUENCE sch_perfis_tb_perfil_id_seq
67421043 [AWT-EventQueue-0] INFO  ca.sqlpower.architect.ddl.GenericDDLGenerator  - endStatement: 

CREATE TABLE sch_perfis.TB_PERFIL (
                ID INTEGER NOT NULL DEFAULT nextval('sch_perfis_tb_perfil_id_seq'),
                DSC_NOME VARCHAR(60) NOT NULL,
                CONSTRAINT tb_perfil_pk PRIMARY KEY (ID)
)
67421043 [AWT-EventQueue-0] INFO  ca.sqlpower.architect.ddl.GenericDDLGenerator  - endStatement: 


ALTER SEQUENCE sch_perfis_tb_perfil_id_seq OWNED BY sch_perfis.TB_PERFIL.ID
67421043 [AWT-EventQueue-0] INFO  ca.sqlpower.architect.ddl.GenericDDLGenerator  - endStatement: 

CREATE TABLE sch_perfis.TB_USUARIO_PERFIL (
                FK_USUARIO_ID BIGINT NOT NULL,
                FK_PERFIL_ID INTEGER NOT NULL,
                CONSTRAINT tb_usuario_perfil_pk PRIMARY KEY (FK_USUARIO_ID, FK_PERFIL_ID)
)
67421044 [AWT-EventQueue-0] INFO  ca.sqlpower.architect.ddl.GenericDDLGenerator  - endStatement: 


ALTER TABLE sch_dados_pessoais.TB_ENDERECO ADD CONSTRAINT tb_endereco_tb_cidade_fk
FOREIGN KEY (FK_CIDADE_ID)
REFERENCES sch_dados_pessoais.TB_CIDADE (ID)
ON DELETE NO ACTION
ON UPDATE NO ACTION
NOT DEFERRABLE
67421044 [AWT-EventQueue-0] INFO  ca.sqlpower.architect.ddl.GenericDDLGenerator  - endStatement: 

ALTER TABLE sch_dados_pessoais.TB_DADOS_PESSOAL ADD CONSTRAINT tb_dados_pessoal_tb_endereco_fk
FOREIGN KEY (FK_ENDERECO_ID)
REFERENCES sch_dados_pessoais.TB_ENDERECO (ID)
ON DELETE NO ACTION
ON UPDATE NO ACTION
NOT DEFERRABLE
67421044 [AWT-EventQueue-0] INFO  ca.sqlpower.architect.ddl.GenericDDLGenerator  - endStatement: 

ALTER TABLE sch_perfis.TB_USUARIO ADD CONSTRAINT tb_usuario_tb_dados_pessoal_fk
FOREIGN KEY (FK_DADOS_PESSOAL_ID)
REFERENCES sch_dados_pessoais.TB_DADOS_PESSOAL (ID)
ON DELETE NO ACTION
ON UPDATE NO ACTION
NOT DEFERRABLE
67421044 [AWT-EventQueue-0] INFO  ca.sqlpower.architect.ddl.GenericDDLGenerator  - endStatement: 

ALTER TABLE sch_perfis.TB_USUARIO_PERFIL ADD CONSTRAINT tb_usuario_perfil_tb_usuario_fk
FOREIGN KEY (FK_USUARIO_ID)
REFERENCES sch_perfis.TB_USUARIO (ID)
ON DELETE NO ACTION
ON UPDATE NO ACTION
NOT DEFERRABLE
67421044 [AWT-EventQueue-0] INFO  ca.sqlpower.architect.ddl.GenericDDLGenerator  - endStatement: 

ALTER TABLE sch_perfis.TB_USUARIO_PERFIL ADD CONSTRAINT tb_usuario_perfil_tb_perfil_fk
FOREIGN KEY (FK_PERFIL_ID)
REFERENCES sch_perfis.TB_PERFIL (ID)
ON DELETE NO ACTION
ON UPDATE NO ACTION
NOT DEFERRABLE
67421045 [AWT-EventQueue-0] INFO  ca.sqlpower.architect.swingui.SQLScriptDialog  - The list size is :22
